<?xml version="1.0" encoding="UTF-8"?>
<!-- Generated by org.testng.reporters.JUnitReportReporter -->
<testsuite hostname="LAPTOP-04B1LE1H" failures="0" tests="2" name="com.tricentis.demo.testsuite.LoginPageTest" time="12.884" errors="0" timestamp="2025-05-10T15:05:15 BST" skipped="0">
  <testcase classname="com.tricentis.demo.testsuite.LoginPageTest" name="verifyErrorMessageWithInvalidCredentials" time="6.295"/>
  <testcase classname="com.tricentis.demo.testsuite.LoginPageTest" name="verifyUserShouldNavigateToLoginPageSuccessfully" time="6.589"/>
</testsuite> <!-- com.tricentis.demo.testsuite.LoginPageTest -->
